<html>
<head>
<title>TestNG:  Surefire test</title>
<link href="../testng.css" rel="stylesheet" type="text/css" />
<link href="../my-testng.css" rel="stylesheet" type="text/css" />

<style type="text/css">
.log { display: none;} 
.stack-trace { display: none;} 
</style>
<script type="text/javascript">
<!--
function flip(e) {
  current = e.style.display;
  if (current == 'block') {
    e.style.display = 'none';
    return 0;
  }
  else {
    e.style.display = 'block';
    return 1;
  }
}

function toggleBox(szDivId, elem, msg1, msg2)
{
  var res = -1;  if (document.getElementById) {
    res = flip(document.getElementById(szDivId));
  }
  else if (document.all) {
    // this is the way old msie versions work
    res = flip(document.all[szDivId]);
  }
  if(elem) {
    if(res == 0) elem.innerHTML = msg1; else elem.innerHTML = msg2;
  }

}

function toggleAllBoxes() {
  if (document.getElementsByTagName) {
    d = document.getElementsByTagName('div');
    for (i = 0; i < d.length; i++) {
      if (d[i].className == 'log') {
        flip(d[i]);
      }
    }
  }
}

// -->
</script>

</head>
<body>
<h2 align='center'>Surefire test</h2><table border='1' align="center">
<tr>
<td>Tests passed/Failed/Skipped:</td><td>15/3/0</td>
</tr><tr>
<td>Started on:</td><td>Thu Aug 11 23:36:28 EET 2022</td>
</tr>
<tr><td>Total time:</td><td>181 seconds (181104 ms)</td>
</tr><tr>
<td>Included groups:</td><td></td>
</tr><tr>
<td>Excluded groups:</td><td></td>
</tr>
</table><p/>
<small><i>(Hover the method name to see the test class name)</i></small><p/>
<table width='100%' border='1' class='invocation-failed'>
<tr><td colspan='4' align='center'><b>FAILED TESTS</b></td></tr>
<tr><td><b>Test method</b></td>
<td width="30%"><b>Exception</b></td>
<td width="10%"><b>Time (seconds)</b></td>
<td><b>Instance</b></td>
</tr>
<tr>
<td title='org.example.runner.run.runScenario()'><b>runScenario</b><br>Test class: org.example.runner.run<br>Test method: Runs Cucumber Scenarios<br>Parameters: "user click on nokia slider", "slider | check 2 home sliders"</td>
<td><div><pre>java.lang.AssertionError: wrong URL expected [https://demo.nopcommerce.com/] but found [https://demo.nopcommerce.com/nokia-lumia-1020]
	at org.example.stepDefinitions.homeSliderStepDef.userIsDirectedTo(homeSliderStepDef.java:18)
	at ?.user is directed to &quot;https://demo.nopcommerce.com/nokia-lumia-1020&quot;(file:///C:/Users/Basma/IdeaProjects/eCommerceAutomation/src/main/resources/Features/F6_homeSliders.feature:5)
... Removed 5 stack frames</pre></div><a href='#' onClick='toggleBox("stack-trace1842580978", this, "Click to show all stack frames", "Click to hide stack frames")'>Click to show all stack frames</a>
<div class='stack-trace' id='stack-trace1842580978'><pre>java.lang.AssertionError: wrong URL expected [https://demo.nopcommerce.com/] but found [https://demo.nopcommerce.com/nokia-lumia-1020]
	at org.testng.Assert.fail(Assert.java:110)
	at org.testng.Assert.failNotEquals(Assert.java:1413)
	at org.testng.Assert.assertEqualsImpl(Assert.java:149)
	at org.testng.Assert.assertEquals(Assert.java:131)
	at org.testng.Assert.assertEquals(Assert.java:655)
	at org.example.stepDefinitions.homeSliderStepDef.userIsDirectedTo(homeSliderStepDef.java:18)
	at ?.user is directed to &quot;https://demo.nopcommerce.com/nokia-lumia-1020&quot;(file:///C:/Users/Basma/IdeaProjects/eCommerceAutomation/src/main/resources/Features/F6_homeSliders.feature:5)
</pre></div></td>
<td>7</td>
<td>org.example.runner.run@29b5cd00</td></tr>
<tr>
<td title='org.example.runner.run.runScenario()'><b>runScenario</b><br>Test class: org.example.runner.run<br>Test method: Runs Cucumber Scenarios<br>Parameters: "user clicks on iphone slider", "slider | check 2 home sliders"</td>
<td><div><pre>java.lang.AssertionError: wrong URL expected [https://demo.nopcommerce.com/] but found [https://demo.nopcommerce.com/iphone-6]
	at org.example.stepDefinitions.homeSliderStepDef.userIsDirectedTo(homeSliderStepDef.java:18)
	at ?.user is directed to &quot;https://demo.nopcommerce.com/iphone-6&quot;(file:///C:/Users/Basma/IdeaProjects/eCommerceAutomation/src/main/resources/Features/F6_homeSliders.feature:9)
... Removed 5 stack frames</pre></div><a href='#' onClick='toggleBox("stack-trace1336420731", this, "Click to show all stack frames", "Click to hide stack frames")'>Click to show all stack frames</a>
<div class='stack-trace' id='stack-trace1336420731'><pre>java.lang.AssertionError: wrong URL expected [https://demo.nopcommerce.com/] but found [https://demo.nopcommerce.com/iphone-6]
	at org.testng.Assert.fail(Assert.java:110)
	at org.testng.Assert.failNotEquals(Assert.java:1413)
	at org.testng.Assert.assertEqualsImpl(Assert.java:149)
	at org.testng.Assert.assertEquals(Assert.java:131)
	at org.testng.Assert.assertEquals(Assert.java:655)
	at org.example.stepDefinitions.homeSliderStepDef.userIsDirectedTo(homeSliderStepDef.java:18)
	at ?.user is directed to &quot;https://demo.nopcommerce.com/iphone-6&quot;(file:///C:/Users/Basma/IdeaProjects/eCommerceAutomation/src/main/resources/Features/F6_homeSliders.feature:9)
</pre></div></td>
<td>8</td>
<td>org.example.runner.run@29b5cd00</td></tr>
<tr>
<td title='org.example.runner.run.runScenario()'><b>runScenario</b><br>Test class: org.example.runner.run<br>Test method: Runs Cucumber Scenarios<br>Parameters: "user opens rss tab", "follow us | user checks all social media links"</td>
<td><div><pre>java.lang.AssertionError: wrong URL expected [https://demo.nopcommerce.com/new-online-store-is-open] but found [https://demo.nopcommerce.com/news/rss/1]
	at org.example.stepDefinitions.followUsStepDef.isOpenedInNewTab(followUsStepDef.java:27)
	at ?.&quot;https://demo.nopcommerce.com/new-online-store-is-open&quot; is opened in new tab(file:///C:/Users/Basma/IdeaProjects/eCommerceAutomation/src/main/resources/Features/F7_followUs.feature:14)
... Removed 5 stack frames</pre></div><a href='#' onClick='toggleBox("stack-trace707108719", this, "Click to show all stack frames", "Click to hide stack frames")'>Click to show all stack frames</a>
<div class='stack-trace' id='stack-trace707108719'><pre>java.lang.AssertionError: wrong URL expected [https://demo.nopcommerce.com/new-online-store-is-open] but found [https://demo.nopcommerce.com/news/rss/1]
	at org.testng.Assert.fail(Assert.java:110)
	at org.testng.Assert.failNotEquals(Assert.java:1413)
	at org.testng.Assert.assertEqualsImpl(Assert.java:149)
	at org.testng.Assert.assertEquals(Assert.java:131)
	at org.testng.Assert.assertEquals(Assert.java:655)
	at org.example.stepDefinitions.followUsStepDef.isOpenedInNewTab(followUsStepDef.java:27)
	at ?.&quot;https://demo.nopcommerce.com/new-online-store-is-open&quot; is opened in new tab(file:///C:/Users/Basma/IdeaProjects/eCommerceAutomation/src/main/resources/Features/F7_followUs.feature:14)
</pre></div></td>
<td>10</td>
<td>org.example.runner.run@29b5cd00</td></tr>
</table><p>
<table width='100%' border='1' class='invocation-passed'>
<tr><td colspan='4' align='center'><b>PASSED TESTS</b></td></tr>
<tr><td><b>Test method</b></td>
<td width="30%"><b>Exception</b></td>
<td width="10%"><b>Time (seconds)</b></td>
<td><b>Instance</b></td>
</tr>
<tr>
<td title='org.example.runner.run.runScenario()'><b>runScenario</b><br>Test class: org.example.runner.run<br>Test method: Runs Cucumber Scenarios<br>Parameters: "user search using product name", "Search | user could search for product"</td>
<td></td>
<td>9</td>
<td>org.example.runner.run@29b5cd00</td></tr>
<tr>
<td title='org.example.runner.run.runScenario()'><b>runScenario</b><br>Test class: org.example.runner.run<br>Test method: Runs Cucumber Scenarios<br>Parameters: "guest user could register with valid data successfully", "register | users could register with new accounts"</td>
<td></td>
<td>14</td>
<td>org.example.runner.run@29b5cd00</td></tr>
<tr>
<td title='org.example.runner.run.runScenario()'><b>runScenario</b><br>Test class: org.example.runner.run<br>Test method: Runs Cucumber Scenarios<br>Parameters: "user search using product name", "Search | user could search for product"</td>
<td></td>
<td>8</td>
<td>org.example.runner.run@29b5cd00</td></tr>
<tr>
<td title='org.example.runner.run.runScenario()'><b>runScenario</b><br>Test class: org.example.runner.run<br>Test method: Runs Cucumber Scenarios<br>Parameters: "user adds item to wishlist", "wishlist | user adds item to wishlist"</td>
<td></td>
<td>7</td>
<td>org.example.runner.run@29b5cd00</td></tr>
<tr>
<td title='org.example.runner.run.runScenario()'><b>runScenario</b><br>Test class: org.example.runner.run<br>Test method: Runs Cucumber Scenarios<br>Parameters: "user adds item to wishlist", "wishlist | user adds item to wishlist"</td>
<td></td>
<td>10</td>
<td>org.example.runner.run@29b5cd00</td></tr>
<tr>
<td title='org.example.runner.run.runScenario()'><b>runScenario</b><br>Test class: org.example.runner.run<br>Test method: Runs Cucumber Scenarios<br>Parameters: "user search using product name", "Search | user could search for product"</td>
<td></td>
<td>7</td>
<td>org.example.runner.run@29b5cd00</td></tr>
<tr>
<td title='org.example.runner.run.runScenario()'><b>runScenario</b><br>Test class: org.example.runner.run<br>Test method: Runs Cucumber Scenarios<br>Parameters: "user search using sku", "Search | user could search for product"</td>
<td></td>
<td>11</td>
<td>org.example.runner.run@29b5cd00</td></tr>
<tr>
<td title='org.example.runner.run.runScenario()'><b>runScenario</b><br>Test class: org.example.runner.run<br>Test method: Runs Cucumber Scenarios<br>Parameters: "user opens facebook tab", "follow us | user checks all social media links"</td>
<td></td>
<td>10</td>
<td>org.example.runner.run@29b5cd00</td></tr>
<tr>
<td title='org.example.runner.run.runScenario()'><b>runScenario</b><br>Test class: org.example.runner.run<br>Test method: Runs Cucumber Scenarios<br>Parameters: "user search using sku", "Search | user could search for product"</td>
<td></td>
<td>9</td>
<td>org.example.runner.run@29b5cd00</td></tr>
<tr>
<td title='org.example.runner.run.runScenario()'><b>runScenario</b><br>Test class: org.example.runner.run<br>Test method: Runs Cucumber Scenarios<br>Parameters: "user could login with invalid email and password", "Login | users could use login functionality to use their accounts"</td>
<td></td>
<td>8</td>
<td>org.example.runner.run@29b5cd00</td></tr>
<tr>
<td title='org.example.runner.run.runScenario()'><b>runScenario</b><br>Test class: org.example.runner.run<br>Test method: Runs Cucumber Scenarios<br>Parameters: "user selects category", "hover | user can hover over categories and select a random subcategory"</td>
<td></td>
<td>10</td>
<td>org.example.runner.run@29b5cd00</td></tr>
<tr>
<td title='org.example.runner.run.runScenario()'><b>runScenario</b><br>Test class: org.example.runner.run<br>Test method: Runs Cucumber Scenarios<br>Parameters: "user chooses euro currency", "Currency | user chooses currency"</td>
<td></td>
<td>8</td>
<td>org.example.runner.run@29b5cd00</td></tr>
<tr>
<td title='org.example.runner.run.runScenario()'><b>runScenario</b><br>Test class: org.example.runner.run<br>Test method: Runs Cucumber Scenarios<br>Parameters: "user could login with valid email and password", "Login | users could use login functionality to use their accounts"</td>
<td></td>
<td>11</td>
<td>org.example.runner.run@29b5cd00</td></tr>
<tr>
<td title='org.example.runner.run.runScenario()'><b>runScenario</b><br>Test class: org.example.runner.run<br>Test method: Runs Cucumber Scenarios<br>Parameters: "user opens youtube tab", "follow us | user checks all social media links"</td>
<td></td>
<td>13</td>
<td>org.example.runner.run@29b5cd00</td></tr>
<tr>
<td title='org.example.runner.run.runScenario()'><b>runScenario</b><br>Test class: org.example.runner.run<br>Test method: Runs Cucumber Scenarios<br>Parameters: "user opens twitter tab", "follow us | user checks all social media links"</td>
<td></td>
<td>11</td>
<td>org.example.runner.run@29b5cd00</td></tr>
</table><p>
</body>
</html>