<?xml version="1.0" encoding="UTF-8"?>
<testng-results skipped="0" failed="3" ignored="0" total="18" passed="15">
  <reporter-output>
  </reporter-output>
  <suite name="Surefire suite" duration-ms="181104" started-at="2022-08-11T23:36:28 EET" finished-at="2022-08-11T23:39:29 EET">
    <groups>
      <group name="cucumber">
        <method signature="AbstractTestNGCucumberTests.runScenario(io.cucumber.testng.PickleWrapper,io.cucumber.testng.FeatureWrapper)[pri:0, instance:org.example.runner.run@29b5cd00]" name="runScenario" class="io.cucumber.testng.AbstractTestNGCucumberTests"/>
      </group> <!-- cucumber -->
    </groups>
    <test name="Surefire test" duration-ms="181104" started-at="2022-08-11T23:36:28 EET" finished-at="2022-08-11T23:39:29 EET">
      <class name="org.example.runner.run">
        <test-method status="PASS" signature="setUpClass(org.testng.ITestContext)[pri:0, instance:org.example.runner.run@29b5cd00]" name="setUpClass" is-config="true" duration-ms="829" started-at="2022-08-11T23:36:28 EET" finished-at="2022-08-11T23:36:28 EET">
          <params>
            <param index="0">
              <value>
                <![CDATA[org.testng.TestRunner@6bfbab1c]]>
              </value>
            </param>
          </params>
          <reporter-output>
          </reporter-output>
        </test-method> <!-- setUpClass -->
        <test-method status="PASS" signature="runScenario(io.cucumber.testng.PickleWrapper,io.cucumber.testng.FeatureWrapper)[pri:0, instance:org.example.runner.run@29b5cd00]" name="runScenario" duration-ms="14836" started-at="2022-08-11T23:36:28 EET" description="Runs Cucumber Scenarios" data-provider="scenarios" finished-at="2022-08-11T23:36:43 EET">
          <params>
            <param index="0">
              <value>
                <![CDATA["guest user could register with valid data successfully"]]>
              </value>
            </param>
            <param index="1">
              <value>
                <![CDATA["register | users could register with new accounts"]]>
              </value>
            </param>
          </params>
          <reporter-output>
          </reporter-output>
        </test-method> <!-- runScenario -->
        <test-method status="PASS" signature="runScenario(io.cucumber.testng.PickleWrapper,io.cucumber.testng.FeatureWrapper)[pri:0, instance:org.example.runner.run@29b5cd00]" name="runScenario" duration-ms="11591" started-at="2022-08-11T23:36:43 EET" description="Runs Cucumber Scenarios" data-provider="scenarios" finished-at="2022-08-11T23:36:55 EET">
          <params>
            <param index="0">
              <value>
                <![CDATA["user could login with valid email and password"]]>
              </value>
            </param>
            <param index="1">
              <value>
                <![CDATA["Login | users could use login functionality to use their accounts"]]>
              </value>
            </param>
          </params>
          <reporter-output>
          </reporter-output>
        </test-method> <!-- runScenario -->
        <test-method status="PASS" signature="runScenario(io.cucumber.testng.PickleWrapper,io.cucumber.testng.FeatureWrapper)[pri:0, instance:org.example.runner.run@29b5cd00]" name="runScenario" duration-ms="8476" started-at="2022-08-11T23:36:55 EET" description="Runs Cucumber Scenarios" data-provider="scenarios" finished-at="2022-08-11T23:37:03 EET">
          <params>
            <param index="0">
              <value>
                <![CDATA["user could login with invalid email and password"]]>
              </value>
            </param>
            <param index="1">
              <value>
                <![CDATA["Login | users could use login functionality to use their accounts"]]>
              </value>
            </param>
          </params>
          <reporter-output>
          </reporter-output>
        </test-method> <!-- runScenario -->
        <test-method status="PASS" signature="runScenario(io.cucumber.testng.PickleWrapper,io.cucumber.testng.FeatureWrapper)[pri:0, instance:org.example.runner.run@29b5cd00]" name="runScenario" duration-ms="8664" started-at="2022-08-11T23:37:03 EET" description="Runs Cucumber Scenarios" data-provider="scenarios" finished-at="2022-08-11T23:37:12 EET">
          <params>
            <param index="0">
              <value>
                <![CDATA["user chooses euro currency"]]>
              </value>
            </param>
            <param index="1">
              <value>
                <![CDATA["Currency | user chooses currency"]]>
              </value>
            </param>
          </params>
          <reporter-output>
          </reporter-output>
        </test-method> <!-- runScenario -->
        <test-method status="PASS" signature="runScenario(io.cucumber.testng.PickleWrapper,io.cucumber.testng.FeatureWrapper)[pri:0, instance:org.example.runner.run@29b5cd00]" name="runScenario" duration-ms="7767" started-at="2022-08-11T23:37:12 EET" description="Runs Cucumber Scenarios" data-provider="scenarios" finished-at="2022-08-11T23:37:20 EET">
          <params>
            <param index="0">
              <value>
                <![CDATA["user search using product name"]]>
              </value>
            </param>
            <param index="1">
              <value>
                <![CDATA["Search | user could search for product"]]>
              </value>
            </param>
          </params>
          <reporter-output>
          </reporter-output>
        </test-method> <!-- runScenario -->
        <test-method status="PASS" signature="runScenario(io.cucumber.testng.PickleWrapper,io.cucumber.testng.FeatureWrapper)[pri:0, instance:org.example.runner.run@29b5cd00]" name="runScenario" duration-ms="8271" started-at="2022-08-11T23:37:20 EET" description="Runs Cucumber Scenarios" data-provider="scenarios" finished-at="2022-08-11T23:37:28 EET">
          <params>
            <param index="0">
              <value>
                <![CDATA["user search using product name"]]>
              </value>
            </param>
            <param index="1">
              <value>
                <![CDATA["Search | user could search for product"]]>
              </value>
            </param>
          </params>
          <reporter-output>
          </reporter-output>
        </test-method> <!-- runScenario -->
        <test-method status="PASS" signature="runScenario(io.cucumber.testng.PickleWrapper,io.cucumber.testng.FeatureWrapper)[pri:0, instance:org.example.runner.run@29b5cd00]" name="runScenario" duration-ms="9326" started-at="2022-08-11T23:37:28 EET" description="Runs Cucumber Scenarios" data-provider="scenarios" finished-at="2022-08-11T23:37:37 EET">
          <params>
            <param index="0">
              <value>
                <![CDATA["user search using product name"]]>
              </value>
            </param>
            <param index="1">
              <value>
                <![CDATA["Search | user could search for product"]]>
              </value>
            </param>
          </params>
          <reporter-output>
          </reporter-output>
        </test-method> <!-- runScenario -->
        <test-method status="PASS" signature="runScenario(io.cucumber.testng.PickleWrapper,io.cucumber.testng.FeatureWrapper)[pri:0, instance:org.example.runner.run@29b5cd00]" name="runScenario" duration-ms="11549" started-at="2022-08-11T23:37:37 EET" description="Runs Cucumber Scenarios" data-provider="scenarios" finished-at="2022-08-11T23:37:49 EET">
          <params>
            <param index="0">
              <value>
                <![CDATA["user search using sku"]]>
              </value>
            </param>
            <param index="1">
              <value>
                <![CDATA["Search | user could search for product"]]>
              </value>
            </param>
          </params>
          <reporter-output>
          </reporter-output>
        </test-method> <!-- runScenario -->
        <test-method status="PASS" signature="runScenario(io.cucumber.testng.PickleWrapper,io.cucumber.testng.FeatureWrapper)[pri:0, instance:org.example.runner.run@29b5cd00]" name="runScenario" duration-ms="9732" started-at="2022-08-11T23:37:49 EET" description="Runs Cucumber Scenarios" data-provider="scenarios" finished-at="2022-08-11T23:37:59 EET">
          <params>
            <param index="0">
              <value>
                <![CDATA["user search using sku"]]>
              </value>
            </param>
            <param index="1">
              <value>
                <![CDATA["Search | user could search for product"]]>
              </value>
            </param>
          </params>
          <reporter-output>
          </reporter-output>
        </test-method> <!-- runScenario -->
        <test-method status="PASS" signature="runScenario(io.cucumber.testng.PickleWrapper,io.cucumber.testng.FeatureWrapper)[pri:0, instance:org.example.runner.run@29b5cd00]" name="runScenario" duration-ms="10348" started-at="2022-08-11T23:37:59 EET" description="Runs Cucumber Scenarios" data-provider="scenarios" finished-at="2022-08-11T23:38:09 EET">
          <params>
            <param index="0">
              <value>
                <![CDATA["user selects category"]]>
              </value>
            </param>
            <param index="1">
              <value>
                <![CDATA["hover | user can hover over categories and select a random subcategory"]]>
              </value>
            </param>
          </params>
          <reporter-output>
          </reporter-output>
        </test-method> <!-- runScenario -->
        <test-method status="FAIL" signature="runScenario(io.cucumber.testng.PickleWrapper,io.cucumber.testng.FeatureWrapper)[pri:0, instance:org.example.runner.run@29b5cd00]" name="runScenario" duration-ms="7493" started-at="2022-08-11T23:38:09 EET" description="Runs Cucumber Scenarios" data-provider="scenarios" finished-at="2022-08-11T23:38:17 EET">
          <params>
            <param index="0">
              <value>
                <![CDATA["user click on nokia slider"]]>
              </value>
            </param>
            <param index="1">
              <value>
                <![CDATA["slider | check 2 home sliders"]]>
              </value>
            </param>
          </params>
          <exception class="java.lang.AssertionError">
            <message>
              <![CDATA[wrong URL expected [https://demo.nopcommerce.com/] but found [https://demo.nopcommerce.com/nokia-lumia-1020]]]>
            </message>
            <full-stacktrace>
              <![CDATA[java.lang.AssertionError: wrong URL expected [https://demo.nopcommerce.com/] but found [https://demo.nopcommerce.com/nokia-lumia-1020]
at org.testng.Assert.fail(Assert.java:110)
at org.testng.Assert.failNotEquals(Assert.java:1413)
at org.testng.Assert.assertEqualsImpl(Assert.java:149)
at org.testng.Assert.assertEquals(Assert.java:131)
at org.testng.Assert.assertEquals(Assert.java:655)
at org.example.stepDefinitions.homeSliderStepDef.userIsDirectedTo(homeSliderStepDef.java:18)
at ✽.user is directed to "https://demo.nopcommerce.com/nokia-lumia-1020"(file:///C:/Users/Basma/IdeaProjects/eCommerceAutomation/src/main/resources/Features/F6_homeSliders.feature:5)
]]>
            </full-stacktrace>
          </exception> <!-- java.lang.AssertionError -->
          <reporter-output>
          </reporter-output>
        </test-method> <!-- runScenario -->
        <test-method status="FAIL" signature="runScenario(io.cucumber.testng.PickleWrapper,io.cucumber.testng.FeatureWrapper)[pri:0, instance:org.example.runner.run@29b5cd00]" name="runScenario" duration-ms="8018" started-at="2022-08-11T23:38:17 EET" description="Runs Cucumber Scenarios" data-provider="scenarios" finished-at="2022-08-11T23:38:25 EET">
          <params>
            <param index="0">
              <value>
                <![CDATA["user clicks on iphone slider"]]>
              </value>
            </param>
            <param index="1">
              <value>
                <![CDATA["slider | check 2 home sliders"]]>
              </value>
            </param>
          </params>
          <exception class="java.lang.AssertionError">
            <message>
              <![CDATA[wrong URL expected [https://demo.nopcommerce.com/] but found [https://demo.nopcommerce.com/iphone-6]]]>
            </message>
            <full-stacktrace>
              <![CDATA[java.lang.AssertionError: wrong URL expected [https://demo.nopcommerce.com/] but found [https://demo.nopcommerce.com/iphone-6]
at org.testng.Assert.fail(Assert.java:110)
at org.testng.Assert.failNotEquals(Assert.java:1413)
at org.testng.Assert.assertEqualsImpl(Assert.java:149)
at org.testng.Assert.assertEquals(Assert.java:131)
at org.testng.Assert.assertEquals(Assert.java:655)
at org.example.stepDefinitions.homeSliderStepDef.userIsDirectedTo(homeSliderStepDef.java:18)
at ✽.user is directed to "https://demo.nopcommerce.com/iphone-6"(file:///C:/Users/Basma/IdeaProjects/eCommerceAutomation/src/main/resources/Features/F6_homeSliders.feature:9)
]]>
            </full-stacktrace>
          </exception> <!-- java.lang.AssertionError -->
          <reporter-output>
          </reporter-output>
        </test-method> <!-- runScenario -->
        <test-method status="PASS" signature="runScenario(io.cucumber.testng.PickleWrapper,io.cucumber.testng.FeatureWrapper)[pri:0, instance:org.example.runner.run@29b5cd00]" name="runScenario" duration-ms="10072" started-at="2022-08-11T23:38:25 EET" description="Runs Cucumber Scenarios" data-provider="scenarios" finished-at="2022-08-11T23:38:35 EET">
          <params>
            <param index="0">
              <value>
                <![CDATA["user opens facebook tab"]]>
              </value>
            </param>
            <param index="1">
              <value>
                <![CDATA["follow us | user checks all social media links"]]>
              </value>
            </param>
          </params>
          <reporter-output>
          </reporter-output>
        </test-method> <!-- runScenario -->
        <test-method status="PASS" signature="runScenario(io.cucumber.testng.PickleWrapper,io.cucumber.testng.FeatureWrapper)[pri:0, instance:org.example.runner.run@29b5cd00]" name="runScenario" duration-ms="11422" started-at="2022-08-11T23:38:35 EET" description="Runs Cucumber Scenarios" data-provider="scenarios" finished-at="2022-08-11T23:38:46 EET">
          <params>
            <param index="0">
              <value>
                <![CDATA["user opens twitter tab"]]>
              </value>
            </param>
            <param index="1">
              <value>
                <![CDATA["follow us | user checks all social media links"]]>
              </value>
            </param>
          </params>
          <reporter-output>
          </reporter-output>
        </test-method> <!-- runScenario -->
        <test-method status="FAIL" signature="runScenario(io.cucumber.testng.PickleWrapper,io.cucumber.testng.FeatureWrapper)[pri:0, instance:org.example.runner.run@29b5cd00]" name="runScenario" duration-ms="10452" started-at="2022-08-11T23:38:46 EET" description="Runs Cucumber Scenarios" data-provider="scenarios" finished-at="2022-08-11T23:38:57 EET">
          <params>
            <param index="0">
              <value>
                <![CDATA["user opens rss tab"]]>
              </value>
            </param>
            <param index="1">
              <value>
                <![CDATA["follow us | user checks all social media links"]]>
              </value>
            </param>
          </params>
          <exception class="java.lang.AssertionError">
            <message>
              <![CDATA[wrong URL expected [https://demo.nopcommerce.com/new-online-store-is-open] but found [https://demo.nopcommerce.com/news/rss/1]]]>
            </message>
            <full-stacktrace>
              <![CDATA[java.lang.AssertionError: wrong URL expected [https://demo.nopcommerce.com/new-online-store-is-open] but found [https://demo.nopcommerce.com/news/rss/1]
at org.testng.Assert.fail(Assert.java:110)
at org.testng.Assert.failNotEquals(Assert.java:1413)
at org.testng.Assert.assertEqualsImpl(Assert.java:149)
at org.testng.Assert.assertEquals(Assert.java:131)
at org.testng.Assert.assertEquals(Assert.java:655)
at org.example.stepDefinitions.followUsStepDef.isOpenedInNewTab(followUsStepDef.java:27)
at ✽."https://demo.nopcommerce.com/new-online-store-is-open" is opened in new tab(file:///C:/Users/Basma/IdeaProjects/eCommerceAutomation/src/main/resources/Features/F7_followUs.feature:14)
]]>
            </full-stacktrace>
          </exception> <!-- java.lang.AssertionError -->
          <reporter-output>
          </reporter-output>
        </test-method> <!-- runScenario -->
        <test-method status="PASS" signature="runScenario(io.cucumber.testng.PickleWrapper,io.cucumber.testng.FeatureWrapper)[pri:0, instance:org.example.runner.run@29b5cd00]" name="runScenario" duration-ms="13658" started-at="2022-08-11T23:38:57 EET" description="Runs Cucumber Scenarios" data-provider="scenarios" finished-at="2022-08-11T23:39:10 EET">
          <params>
            <param index="0">
              <value>
                <![CDATA["user opens youtube tab"]]>
              </value>
            </param>
            <param index="1">
              <value>
                <![CDATA["follow us | user checks all social media links"]]>
              </value>
            </param>
          </params>
          <reporter-output>
          </reporter-output>
        </test-method> <!-- runScenario -->
        <test-method status="PASS" signature="runScenario(io.cucumber.testng.PickleWrapper,io.cucumber.testng.FeatureWrapper)[pri:0, instance:org.example.runner.run@29b5cd00]" name="runScenario" duration-ms="7828" started-at="2022-08-11T23:39:10 EET" description="Runs Cucumber Scenarios" data-provider="scenarios" finished-at="2022-08-11T23:39:18 EET">
          <params>
            <param index="0">
              <value>
                <![CDATA["user adds item to wishlist"]]>
              </value>
            </param>
            <param index="1">
              <value>
                <![CDATA["wishlist | user adds item to wishlist"]]>
              </value>
            </param>
          </params>
          <reporter-output>
          </reporter-output>
        </test-method> <!-- runScenario -->
        <test-method status="PASS" signature="runScenario(io.cucumber.testng.PickleWrapper,io.cucumber.testng.FeatureWrapper)[pri:0, instance:org.example.runner.run@29b5cd00]" name="runScenario" duration-ms="10376" started-at="2022-08-11T23:39:18 EET" description="Runs Cucumber Scenarios" data-provider="scenarios" finished-at="2022-08-11T23:39:28 EET">
          <params>
            <param index="0">
              <value>
                <![CDATA["user adds item to wishlist"]]>
              </value>
            </param>
            <param index="1">
              <value>
                <![CDATA["wishlist | user adds item to wishlist"]]>
              </value>
            </param>
          </params>
          <reporter-output>
          </reporter-output>
        </test-method> <!-- runScenario -->
        <test-method status="PASS" signature="tearDownClass()[pri:0, instance:org.example.runner.run@29b5cd00]" name="tearDownClass" is-config="true" duration-ms="317" started-at="2022-08-11T23:39:28 EET" finished-at="2022-08-11T23:39:29 EET">
          <reporter-output>
          </reporter-output>
        </test-method> <!-- tearDownClass -->
      </class> <!-- org.example.runner.run -->
    </test> <!-- Surefire test -->
  </suite> <!-- Surefire suite -->
</testng-results>
