<?xml version="1.0" encoding="UTF-8"?>
<!-- Generated by org.testng.reporters.JUnitReportReporter -->
<testsuite skipped="0" hostname="Basmaa" name="org.example.runner.run" tests="18" failures="3" timestamp="2022-08-11T23:39:29 EET" time="179.879" errors="0">
  <testcase name="runScenario" time="9.326" classname="org.example.runner.run"/>
  <system-out/>
  <testcase name="runScenario" time="7.493" classname="org.example.runner.run">
    <failure type="java.lang.AssertionError" message="wrong URL expected [https://demo.nopcommerce.com/] but found [https://demo.nopcommerce.com/nokia-lumia-1020]">
      <![CDATA[java.lang.AssertionError: wrong URL expected [https://demo.nopcommerce.com/] but found [https://demo.nopcommerce.com/nokia-lumia-1020]
at org.testng.Assert.fail(Assert.java:110)
at org.testng.Assert.failNotEquals(Assert.java:1413)
at org.testng.Assert.assertEqualsImpl(Assert.java:149)
at org.testng.Assert.assertEquals(Assert.java:131)
at org.testng.Assert.assertEquals(Assert.java:655)
at org.example.stepDefinitions.homeSliderStepDef.userIsDirectedTo(homeSliderStepDef.java:18)
at ✽.user is directed to "https://demo.nopcommerce.com/nokia-lumia-1020"(file:///C:/Users/Basma/IdeaProjects/eCommerceAutomation/src/main/resources/Features/F6_homeSliders.feature:5)
]]>
    </failure>
  </testcase> <!-- runScenario -->
  <system-out/>
  <testcase name="runScenario" time="14.836" classname="org.example.runner.run"/>
  <system-out/>
  <testcase name="runScenario" time="8.271" classname="org.example.runner.run"/>
  <system-out/>
  <testcase name="runScenario" time="7.828" classname="org.example.runner.run"/>
  <system-out/>
  <testcase name="runScenario" time="10.376" classname="org.example.runner.run"/>
  <system-out/>
  <testcase name="runScenario" time="7.767" classname="org.example.runner.run"/>
  <system-out/>
  <testcase name="runScenario" time="11.549" classname="org.example.runner.run"/>
  <system-out/>
  <testcase name="runScenario" time="10.452" classname="org.example.runner.run">
    <failure type="java.lang.AssertionError" message="wrong URL expected [https://demo.nopcommerce.com/new-online-store-is-open] but found [https://demo.nopcommerce.com/news/rss/1]">
      <![CDATA[java.lang.AssertionError: wrong URL expected [https://demo.nopcommerce.com/new-online-store-is-open] but found [https://demo.nopcommerce.com/news/rss/1]
at org.testng.Assert.fail(Assert.java:110)
at org.testng.Assert.failNotEquals(Assert.java:1413)
at org.testng.Assert.assertEqualsImpl(Assert.java:149)
at org.testng.Assert.assertEquals(Assert.java:131)
at org.testng.Assert.assertEquals(Assert.java:655)
at org.example.stepDefinitions.followUsStepDef.isOpenedInNewTab(followUsStepDef.java:27)
at ✽."https://demo.nopcommerce.com/new-online-store-is-open" is opened in new tab(file:///C:/Users/Basma/IdeaProjects/eCommerceAutomation/src/main/resources/Features/F7_followUs.feature:14)
]]>
    </failure>
  </testcase> <!-- runScenario -->
  <system-out/>
  <testcase name="runScenario" time="10.072" classname="org.example.runner.run"/>
  <system-out/>
  <testcase name="runScenario" time="9.732" classname="org.example.runner.run"/>
  <system-out/>
  <testcase name="runScenario" time="8.018" classname="org.example.runner.run">
    <failure type="java.lang.AssertionError" message="wrong URL expected [https://demo.nopcommerce.com/] but found [https://demo.nopcommerce.com/iphone-6]">
      <![CDATA[java.lang.AssertionError: wrong URL expected [https://demo.nopcommerce.com/] but found [https://demo.nopcommerce.com/iphone-6]
at org.testng.Assert.fail(Assert.java:110)
at org.testng.Assert.failNotEquals(Assert.java:1413)
at org.testng.Assert.assertEqualsImpl(Assert.java:149)
at org.testng.Assert.assertEquals(Assert.java:131)
at org.testng.Assert.assertEquals(Assert.java:655)
at org.example.stepDefinitions.homeSliderStepDef.userIsDirectedTo(homeSliderStepDef.java:18)
at ✽.user is directed to "https://demo.nopcommerce.com/iphone-6"(file:///C:/Users/Basma/IdeaProjects/eCommerceAutomation/src/main/resources/Features/F6_homeSliders.feature:9)
]]>
    </failure>
  </testcase> <!-- runScenario -->
  <system-out/>
  <testcase name="runScenario" time="8.476" classname="org.example.runner.run"/>
  <system-out/>
  <testcase name="runScenario" time="10.348" classname="org.example.runner.run"/>
  <system-out/>
  <testcase name="runScenario" time="8.664" classname="org.example.runner.run"/>
  <system-out/>
  <testcase name="runScenario" time="11.591" classname="org.example.runner.run"/>
  <system-out/>
  <testcase name="runScenario" time="13.658" classname="org.example.runner.run"/>
  <system-out/>
  <testcase name="runScenario" time="11.422" classname="org.example.runner.run"/>
  <system-out/>
</testsuite> <!-- org.example.runner.run -->
